\BOOKMARK [0][-]{title.0}{Titlepage}{}% 1
\BOOKMARK [1][-]{copyright.1}{Copyright}{title.0}% 2
\BOOKMARK [0][-]{toc.0}{Table of Contents}{}% 3
\BOOKMARK [0][-]{Tables.0}{List of Tables}{}% 4
\BOOKMARK [0][-]{Figures.0}{List of Figures}{}% 5
\BOOKMARK [0][-]{Algorithms.0}{List of Algorithms}{}% 6
\BOOKMARK [0][-]{abstract.0}{Abstract}{}% 7
\BOOKMARK [0][-]{chapter.1}{Chapter 1 \204 Introduction}{}% 8
\BOOKMARK [0][-]{chapter.2}{Chapter 2 \204 Theory}{}% 9
\BOOKMARK [1][-]{section*.9}{Computational Platform}{chapter.2}% 10
\BOOKMARK [1][-]{section*.10}{Streaktube Introduction}{chapter.2}% 11
\BOOKMARK [1][-]{section*.12}{Streaktube Derivation}{chapter.2}% 12
\BOOKMARK [1][-]{section*.13}{Mesh Generation}{chapter.2}% 13
\BOOKMARK [1][-]{section*.16}{Rudman Dual Grid Formulation}{chapter.2}% 14
\BOOKMARK [1][-]{section*.18}{Interface Tracking Schemes}{chapter.2}% 15
\BOOKMARK [1][-]{section*.19}{Volume of Fluid Formulation}{chapter.2}% 16
\BOOKMARK [1][-]{section*.23}{Curvature Estimation - Height Function Methods}{chapter.2}% 17
\BOOKMARK [0][-]{chapter.3}{Chapter 3 \204 Methodology}{}% 18
\BOOKMARK [1][-]{section*.29}{Problem Statement}{chapter.3}% 19
\BOOKMARK [1][-]{section*.37}{Fine Grid Height Function Methods}{chapter.3}% 20
\BOOKMARK [1][-]{section*.47}{Fine Grid Velocities}{chapter.3}% 21
\BOOKMARK [1][-]{section*.58}{Simplified Test Cases}{chapter.3}% 22
\BOOKMARK [0][-]{chapter.4}{Chapter 4 \204 Discussion}{}% 23
\BOOKMARK [1][-]{section*.67}{Summary}{chapter.4}% 24
\BOOKMARK [1][-]{section*.68}{Future Work}{chapter.4}% 25
\BOOKMARK [1][-]{section*.69}{Conclusion}{chapter.4}% 26
\BOOKMARK [0][-]{section*.70}{References Cited}{}% 27
\BOOKMARK [0][-]{section*.71}{APPENDICES}{}% 28
\BOOKMARK [1][-]{appendix.A}{APPENDIX A: \040Integral Height Function Coefficient Code}{section*.71}% 29
